<?xml version="1.0" encoding="UTF-8"?>
<coverage generated="1542144744376" clover="3.2.0">
  <project timestamp="1542144744377" name="All files">
    <metrics statements="2" coveredstatements="2" conditionals="0" coveredconditionals="0" methods="1" coveredmethods="1" elements="3" coveredelements="3" complexity="0" loc="2" ncloc="2" packages="1" files="2" classes="2">
      <file name="hello.js" path="/Users/jaakkotulkki/Documents/projects/jest-programmable/src/hello.js">
        <metrics statements="1" coveredstatements="1" conditionals="0" coveredconditionals="0" methods="1" coveredmethods="1"/>
        <line num="3" count="1" type="stmt"/>
      </file>
      <file name="kana.js" path="/Users/jaakkotulkki/Documents/projects/jest-programmable/src/kana.js">
        <metrics statements="1" coveredstatements="1" conditionals="0" coveredconditionals="0" methods="0" coveredmethods="0"/>
        <line num="1" count="1" type="stmt"/>
      </file>
    </metrics>
  </project>
</coverage>
