{"/Users/jaakkotulkki/Documents/projects/jest-programmable/src/hello.js": {"path":"/Users/jaakkotulkki/Documents/projects/jest-programmable/src/hello.js","statementMap":{"0":{"start":{"line":3,"column":21},"end":{"line":3,"column":41}},"1":{"start":{"line":3,"column":27},"end":{"line":3,"column":41}}},"fnMap":{"0":{"name":"(anonymous_0)","decl":{"start":{"line":3,"column":21},"end":{"line":3,"column":22}},"loc":{"start":{"line":3,"column":27},"end":{"line":3,"column":41}},"line":3}},"branchMap":{},"s":{"0":1,"1":1},"f":{"0":1},"b":{},"_coverageSchema":"332fd63041d2c1bcb487cc26dd0d5f7d97098a6c","hash":"06a24b05f5e6358b661cb52a9b5fb4a19c7b2334"}
,"/Users/jaakkotulkki/Documents/projects/jest-programmable/src/kana.js": {"path":"/Users/jaakkotulkki/Documents/projects/jest-programmable/src/kana.js","statementMap":{"0":{"start":{"line":1,"column":20},"end":{"line":1,"column":26}}},"fnMap":{},"branchMap":{},"s":{"0":1},"f":{},"b":{},"_coverageSchema":"332fd63041d2c1bcb487cc26dd0d5f7d97098a6c","hash":"099e3d2875ef02157b39e76f70a3eeb2d5eebdec"}
}
